objc[940]: Class AXEmojiUtilities is implemented in both /Applications/Xcode.app/Contents/Developer/Platforms/iPhoneSimulator.platform/Developer/SDKs/iPhoneSimulator7.1.sdk/System/Library/PrivateFrameworks/AccessibilityUtilities.framework/AccessibilityUtilities and /Applications/Xcode.app/Contents/Developer/Platforms/iPhoneSimulator.platform/Developer/SDKs/iPhoneSimulator7.1.sdk/usr/lib/libAXSpeechManager.dylib. One of the two will be used. Which one is undefined.
2014-04-08 03:12:02.395 AteaJ[940:70b] Cannot find executable for CFBundle 0xd891e80 </Applications/Xcode.app/Contents/Developer/Platforms/iPhoneSimulator.platform/Developer/SDKs/iPhoneSimulator7.1.sdk/System/Library/AccessibilityBundles/GeoServices.axbundle> (not loaded)
2014-04-08 03:12:02.403 AteaJ[940:70b] Cannot find executable for CFBundle 0xa2b3240 </Applications/Xcode.app/Contents/Developer/Platforms/iPhoneSimulator.platform/Developer/SDKs/iPhoneSimulator7.1.sdk/System/Library/AccessibilityBundles/CertUIFramework.axbundle> (not loaded)
2014-04-08 03:12:02.754 AteaJ[940:70b] Multi-tasking -> Device: YES, App: YES
2014-04-08 03:12:02.835 AteaJ[940:70b] Unlimited access to network resources
2014-04-08 03:12:04.663 AteaJ[940:70b] Resetting plugins due to page load.
2014-04-08 03:12:11.085 AteaJ[940:70b] Finished load of: file:///Users/nik/Library/Application%20Support/iPhone%20Simulator/7.1/Applications/2E20D972-3A3E-4560-8DD8-7D08DA078AC5/AteaJ.app/www/index.html
Terminating in response to SpringBoard's termination.
objc[1554]: Class AXEmojiUtilities is implemented in both /Applications/Xcode.app/Contents/Developer/Platforms/iPhoneSimulator.platform/Developer/SDKs/iPhoneSimulator7.1.sdk/System/Library/PrivateFrameworks/AccessibilityUtilities.framework/AccessibilityUtilities and /Applications/Xcode.app/Contents/Developer/Platforms/iPhoneSimulator.platform/Developer/SDKs/iPhoneSimulator7.1.sdk/usr/lib/libAXSpeechManager.dylib. One of the two will be used. Which one is undefined.
2014-04-29 05:13:18.119 AteaJ[1554:70b] Cannot find executable for CFBundle 0xa475810 </Applications/Xcode.app/Contents/Developer/Platforms/iPhoneSimulator.platform/Developer/SDKs/iPhoneSimulator7.1.sdk/System/Library/AccessibilityBundles/CertUIFramework.axbundle> (not loaded)
2014-04-29 05:13:18.123 AteaJ[1554:70b] Cannot find executable for CFBundle 0xa572c10 </Applications/Xcode.app/Contents/Developer/Platforms/iPhoneSimulator.platform/Developer/SDKs/iPhoneSimulator7.1.sdk/System/Library/AccessibilityBundles/GeoServices.axbundle> (not loaded)
2014-04-29 05:13:18.300 AteaJ[1554:70b] Multi-tasking -> Device: YES, App: YES
2014-04-29 05:13:18.371 AteaJ[1554:70b] Unlimited access to network resources
2014-04-29 05:13:20.489 AteaJ[1554:70b] Resetting plugins due to page load.
2014-04-29 05:13:21.606 AteaJ[1554:70b] Finished load of: file:///Users/nik/Library/Application%20Support/iPhone%20Simulator/7.1/Applications/2E20D972-3A3E-4560-8DD8-7D08DA078AC5/AteaJ.app/www/index.html#events
Terminating in response to SpringBoard's termination.
objc[1781]: Class AXEmojiUtilities is implemented in both /Applications/Xcode.app/Contents/Developer/Platforms/iPhoneSimulator.platform/Developer/SDKs/iPhoneSimulator7.1.sdk/System/Library/PrivateFrameworks/AccessibilityUtilities.framework/AccessibilityUtilities and /Applications/Xcode.app/Contents/Developer/Platforms/iPhoneSimulator.platform/Developer/SDKs/iPhoneSimulator7.1.sdk/usr/lib/libAXSpeechManager.dylib. One of the two will be used. Which one is undefined.
2014-04-29 05:15:44.477 AteaJ[1781:70b] Cannot find executable for CFBundle 0xa5866f0 </Applications/Xcode.app/Contents/Developer/Platforms/iPhoneSimulator.platform/Developer/SDKs/iPhoneSimulator7.1.sdk/System/Library/AccessibilityBundles/CertUIFramework.axbundle> (not loaded)
2014-04-29 05:15:44.482 AteaJ[1781:70b] Cannot find executable for CFBundle 0xa388bd0 </Applications/Xcode.app/Contents/Developer/Platforms/iPhoneSimulator.platform/Developer/SDKs/iPhoneSimulator7.1.sdk/System/Library/AccessibilityBundles/GeoServices.axbundle> (not loaded)
2014-04-29 05:15:44.516 AteaJ[1781:70b] Multi-tasking -> Device: YES, App: YES
2014-04-29 05:15:44.521 AteaJ[1781:70b] Unlimited access to network resources
2014-04-29 05:15:44.656 AteaJ[1781:70b] Resetting plugins due to page load.
2014-04-29 05:15:44.820 AteaJ[1781:70b] Finished load of: file:///Users/nik/Library/Application%20Support/iPhone%20Simulator/7.1/Applications/2E20D972-3A3E-4560-8DD8-7D08DA078AC5/AteaJ.app/www/index.html
